<?xml version="1.0" encoding="UTF-8"?>
<coverage generated="1780580431023" clover="3.2.0">
  <project timestamp="1780580431023" name="All files">
    <metrics statements="81" coveredstatements="81" conditionals="60" coveredconditionals="60" methods="32" coveredmethods="32" elements="173" coveredelements="173" complexity="0" loc="81" ncloc="81" packages="2" files="12" classes="12"/>
    <package name="components">
      <metrics statements="40" coveredstatements="40" conditionals="42" coveredconditionals="42" methods="20" coveredmethods="20"/>
      <file name="CardActions.tsx" path="/Users/mjonat/Dev/ideawise-file-upload/mobile/src/components/CardActions.tsx">
        <metrics statements="2" coveredstatements="2" conditionals="12" coveredconditionals="12" methods="1" coveredmethods="1"/>
        <line num="14" count="34" type="stmt"/>
        <line num="45" count="2" type="stmt"/>
      </file>
      <file name="HistoryModal.tsx" path="/Users/mjonat/Dev/ideawise-file-upload/mobile/src/components/HistoryModal.tsx">
        <metrics statements="4" coveredstatements="4" conditionals="4" coveredconditionals="4" methods="2" coveredmethods="2"/>
        <line num="20" count="1" type="stmt"/>
        <line num="27" count="8" type="stmt"/>
        <line num="48" count="9" type="stmt"/>
        <line num="71" count="1" type="stmt"/>
      </file>
      <file name="MediaThumbnail.tsx" path="/Users/mjonat/Dev/ideawise-file-upload/mobile/src/components/MediaThumbnail.tsx">
        <metrics statements="22" coveredstatements="22" conditionals="10" coveredconditionals="10" methods="13" coveredmethods="13"/>
        <line num="9" count="9" type="stmt"/>
        <line num="10" count="19" type="stmt"/>
        <line num="13" count="4" type="stmt"/>
        <line num="14" count="4" type="stmt"/>
        <line num="15" count="4" type="stmt"/>
        <line num="17" count="4" type="stmt"/>
        <line num="30" count="2" type="stmt"/>
        <line num="42" count="1" type="stmt"/>
        <line num="60" count="19" type="stmt"/>
        <line num="61" count="19" type="stmt"/>
        <line num="63" count="19" type="stmt"/>
        <line num="64" count="9" type="cond" truecount="2" falsecount="0"/>
        <line num="65" count="5" type="stmt"/>
        <line num="66" count="4" type="stmt"/>
        <line num="70" count="19" type="cond" truecount="2" falsecount="0"/>
        <line num="71" count="7" type="stmt"/>
        <line num="73" count="2" type="stmt"/>
        <line num="76" count="1" type="cond" truecount="2" falsecount="0"/>
        <line num="81" count="12" type="stmt"/>
        <line num="83" count="2" type="stmt"/>
        <line num="93" count="1" type="cond" truecount="2" falsecount="0"/>
        <line num="98" count="1" type="stmt"/>
      </file>
      <file name="ProgressBar.tsx" path="/Users/mjonat/Dev/ideawise-file-upload/mobile/src/components/ProgressBar.tsx">
        <metrics statements="3" coveredstatements="3" conditionals="1" coveredconditionals="1" methods="1" coveredmethods="1"/>
        <line num="9" count="8" type="stmt"/>
        <line num="11" count="8" type="stmt"/>
        <line num="18" count="2" type="stmt"/>
      </file>
      <file name="StatusBadge.tsx" path="/Users/mjonat/Dev/ideawise-file-upload/mobile/src/components/StatusBadge.tsx">
        <metrics statements="4" coveredstatements="4" conditionals="0" coveredconditionals="0" methods="1" coveredmethods="1"/>
        <line num="4" count="2" type="stmt"/>
        <line num="19" count="24" type="stmt"/>
        <line num="20" count="24" type="stmt"/>
        <line num="27" count="2" type="stmt"/>
      </file>
      <file name="UploadCard.tsx" path="/Users/mjonat/Dev/ideawise-file-upload/mobile/src/components/UploadCard.tsx">
        <metrics statements="5" coveredstatements="5" conditionals="15" coveredconditionals="15" methods="2" coveredmethods="2"/>
        <line num="19" count="53" type="stmt"/>
        <line num="27" count="1" type="stmt"/>
        <line num="34" count="17" type="cond" truecount="2" falsecount="0"/>
        <line num="36" count="17" type="stmt"/>
        <line num="87" count="1" type="stmt"/>
      </file>
    </package>
    <package name="utils">
      <metrics statements="41" coveredstatements="41" conditionals="18" coveredconditionals="18" methods="12" coveredmethods="12"/>
      <file name="formatBytes.ts" path="/Users/mjonat/Dev/ideawise-file-upload/mobile/src/utils/formatBytes.ts">
        <metrics statements="5" coveredstatements="5" conditionals="6" coveredconditionals="6" methods="1" coveredmethods="1"/>
        <line num="2" count="33" type="cond" truecount="2" falsecount="0"/>
        <line num="3" count="32" type="stmt"/>
        <line num="4" count="32" type="stmt"/>
        <line num="5" count="32" type="stmt"/>
        <line num="6" count="32" type="cond" truecount="4" falsecount="0"/>
      </file>
      <file name="formatDuration.ts" path="/Users/mjonat/Dev/ideawise-file-upload/mobile/src/utils/formatDuration.ts">
        <metrics statements="3" coveredstatements="3" conditionals="0" coveredconditionals="0" methods="1" coveredmethods="1"/>
        <line num="2" count="7" type="stmt"/>
        <line num="3" count="7" type="stmt"/>
        <line num="4" count="7" type="stmt"/>
      </file>
      <file name="formatTimeAgo.ts" path="/Users/mjonat/Dev/ideawise-file-upload/mobile/src/utils/formatTimeAgo.ts">
        <metrics statements="5" coveredstatements="5" conditionals="6" coveredconditionals="6" methods="1" coveredmethods="1"/>
        <line num="2" count="14" type="stmt"/>
        <line num="3" count="14" type="cond" truecount="2" falsecount="0"/>
        <line num="4" count="3" type="cond" truecount="2" falsecount="0"/>
        <line num="5" count="2" type="cond" truecount="2" falsecount="0"/>
        <line num="6" count="1" type="stmt"/>
      </file>
      <file name="uploadHistory.ts" path="/Users/mjonat/Dev/ideawise-file-upload/mobile/src/utils/uploadHistory.ts">
        <metrics statements="12" coveredstatements="12" conditionals="2" coveredconditionals="2" methods="4" coveredmethods="4"/>
        <line num="3" count="1" type="stmt"/>
        <line num="4" count="1" type="stmt"/>
        <line num="18" count="10" type="stmt"/>
        <line num="19" count="10" type="stmt"/>
        <line num="20" count="9" type="cond" truecount="2" falsecount="0"/>
        <line num="22" count="1" type="stmt"/>
        <line num="27" count="6" type="stmt"/>
        <line num="28" count="6" type="stmt"/>
        <line num="29" count="6" type="stmt"/>
        <line num="30" count="6" type="stmt"/>
        <line num="37" count="1" type="stmt"/>
        <line num="38" count="1" type="stmt"/>
      </file>
      <file name="uploadQueue.ts" path="/Users/mjonat/Dev/ideawise-file-upload/mobile/src/utils/uploadQueue.ts">
        <metrics statements="12" coveredstatements="12" conditionals="4" coveredconditionals="4" methods="4" coveredmethods="4"/>
        <line num="4" count="1" type="stmt"/>
        <line num="6" count="1" type="stmt"/>
        <line num="9" count="4" type="stmt"/>
        <line num="10" count="4" type="stmt"/>
        <line num="12" count="10" type="stmt"/>
        <line num="20" count="4" type="stmt"/>
        <line num="21" count="4" type="stmt"/>
        <line num="22" count="3" type="cond" truecount="2" falsecount="0"/>
        <line num="23" count="2" type="stmt"/>
        <line num="25" count="2" type="stmt"/>
        <line num="26" count="3" type="cond" truecount="2" falsecount="0"/>
        <line num="29" count="1" type="stmt"/>
      </file>
      <file name="uploadStatus.ts" path="/Users/mjonat/Dev/ideawise-file-upload/mobile/src/utils/uploadStatus.ts">
        <metrics statements="4" coveredstatements="4" conditionals="0" coveredconditionals="0" methods="1" coveredmethods="1"/>
        <line num="3" count="3" type="stmt"/>
        <line num="4" count="3" type="stmt"/>
        <line num="7" count="3" type="stmt"/>
        <line num="10" count="7" type="stmt"/>
      </file>
    </package>
  </project>
</coverage>
