{"/Users/mjonat/Dev/ideawise-file-upload/mobile/src/components/CardActions.tsx": {"path":"/Users/mjonat/Dev/ideawise-file-upload/mobile/src/components/CardActions.tsx","statementMap":{"0":{"start":{"line":14,"column":2},"end":{"line":42,"column":3}},"1":{"start":{"line":45,"column":15},"end":{"line":75,"column":2}}},"fnMap":{"0":{"name":"CardActions","decl":{"start":{"line":13,"column":16},"end":{"line":13,"column":27}},"loc":{"start":{"line":13,"column":85},"end":{"line":43,"column":1}},"line":13}},"branchMap":{"0":{"loc":{"start":{"line":16,"column":7},"end":{"line":22,"column":7}},"type":"binary-expr","locations":[{"start":{"line":16,"column":7},"end":{"line":16,"column":28}},{"start":{"line":17,"column":8},"end":{"line":21,"column":27}}],"line":16},"1":{"loc":{"start":{"line":19,"column":13},"end":{"line":19,"column":86}},"type":"cond-expr","locations":[{"start":{"line":19,"column":35},"end":{"line":19,"column":43}},{"start":{"line":19,"column":46},"end":{"line":19,"column":86}}],"line":19},"2":{"loc":{"start":{"line":19,"column":46},"end":{"line":19,"column":86}},"type":"cond-expr","locations":[{"start":{"line":19,"column":68},"end":{"line":19,"column":75}},{"start":{"line":19,"column":78},"end":{"line":19,"column":86}}],"line":19},"3":{"loc":{"start":{"line":24,"column":7},"end":{"line":28,"column":7}},"type":"binary-expr","locations":[{"start":{"line":24,"column":7},"end":{"line":24,"column":29}},{"start":{"line":25,"column":8},"end":{"line":27,"column":27}}],"line":24},"4":{"loc":{"start":{"line":30,"column":7},"end":{"line":34,"column":7}},"type":"binary-expr","locations":[{"start":{"line":30,"column":7},"end":{"line":30,"column":30}},{"start":{"line":31,"column":8},"end":{"line":33,"column":27}}],"line":30},"5":{"loc":{"start":{"line":36,"column":7},"end":{"line":40,"column":7}},"type":"binary-expr","locations":[{"start":{"line":36,"column":7},"end":{"line":36,"column":31}},{"start":{"line":37,"column":8},"end":{"line":39,"column":27}}],"line":36}},"s":{"0":34,"1":2},"f":{"0":34},"b":{"0":[34,23],"1":[3,20],"2":[3,17],"3":[34,3],"4":[34,23],"5":[34,11]},"_coverageSchema":"1a1c01bbd47fc00a2c39e90264f33305004495a9","hash":"7dd6b94e0945f8622d304d07c1e547eb5b9d1165"}
,"/Users/mjonat/Dev/ideawise-file-upload/mobile/src/components/HistoryModal.tsx": {"path":"/Users/mjonat/Dev/ideawise-file-upload/mobile/src/components/HistoryModal.tsx","statementMap":{"0":{"start":{"line":20,"column":61},"end":{"line":24,"column":1}},"1":{"start":{"line":27,"column":2},"end":{"line":68,"column":3}},"2":{"start":{"line":48,"column":16},"end":{"line":61,"column":23}},"3":{"start":{"line":71,"column":15},"end":{"line":152,"column":2}}},"fnMap":{"0":{"name":"HistoryModal","decl":{"start":{"line":26,"column":16},"end":{"line":26,"column":28}},"loc":{"start":{"line":26,"column":76},"end":{"line":69,"column":1}},"line":26},"1":{"name":"(anonymous_1)","decl":{"start":{"line":47,"column":27},"end":{"line":47,"column":28}},"loc":{"start":{"line":48,"column":16},"end":{"line":61,"column":23}},"line":48}},"branchMap":{"0":{"loc":{"start":{"line":37,"column":9},"end":{"line":65,"column":9}},"type":"cond-expr","locations":[{"start":{"line":38,"column":10},"end":{"line":40,"column":17}},{"start":{"line":42,"column":10},"end":{"line":64,"column":13}}],"line":37},"1":{"loc":{"start":{"line":54,"column":21},"end":{"line":56,"column":21}},"type":"binary-expr","locations":[{"start":{"line":54,"column":21},"end":{"line":54,"column":40}},{"start":{"line":55,"column":22},"end":{"line":55,"column":90}}],"line":54}},"s":{"0":1,"1":8,"2":9,"3":1},"f":{"0":8,"1":9},"b":{"0":[3,5],"1":[9,1]},"_coverageSchema":"1a1c01bbd47fc00a2c39e90264f33305004495a9","hash":"38b5f5b010b4ee633370d16993a35438f827dd52"}
,"/Users/mjonat/Dev/ideawise-file-upload/mobile/src/components/MediaThumbnail.tsx": {"path":"/Users/mjonat/Dev/ideawise-file-upload/mobile/src/components/MediaThumbnail.tsx","statementMap":{"0":{"start":{"line":9,"column":16},"end":{"line":9,"column":59}},"1":{"start":{"line":9,"column":34},"end":{"line":9,"column":59}},"2":{"start":{"line":10,"column":16},"end":{"line":10,"column":59}},"3":{"start":{"line":10,"column":34},"end":{"line":10,"column":59}},"4":{"start":{"line":13,"column":17},"end":{"line":16,"column":4}},"5":{"start":{"line":14,"column":4},"end":{"line":14,"column":18}},"6":{"start":{"line":15,"column":4},"end":{"line":15,"column":12}},"7":{"start":{"line":17,"column":2},"end":{"line":26,"column":3}},"8":{"start":{"line":30,"column":2},"end":{"line":39,"column":3}},"9":{"start":{"line":42,"column":16},"end":{"line":57,"column":2}},"10":{"start":{"line":60,"column":42},"end":{"line":60,"column":71}},"11":{"start":{"line":61,"column":40},"end":{"line":61,"column":55}},"12":{"start":{"line":63,"column":2},"end":{"line":68,"column":27}},"13":{"start":{"line":64,"column":4},"end":{"line":64,"column":35}},"14":{"start":{"line":64,"column":29},"end":{"line":64,"column":35}},"15":{"start":{"line":65,"column":4},"end":{"line":67,"column":22}},"16":{"start":{"line":66,"column":25},"end":{"line":66,"column":45}},"17":{"start":{"line":70,"column":2},"end":{"line":79,"column":3}},"18":{"start":{"line":71,"column":4},"end":{"line":78,"column":5}},"19":{"start":{"line":73,"column":41},"end":{"line":73,"column":61}},"20":{"start":{"line":76,"column":73},"end":{"line":76,"column":94}},"21":{"start":{"line":81,"column":2},"end":{"line":95,"column":3}},"22":{"start":{"line":83,"column":60},"end":{"line":83,"column":80}},"23":{"start":{"line":93,"column":71},"end":{"line":93,"column":92}},"24":{"start":{"line":98,"column":15},"end":{"line":120,"column":2}}},"fnMap":{"0":{"name":"(anonymous_0)","decl":{"start":{"line":9,"column":16},"end":{"line":9,"column":17}},"loc":{"start":{"line":9,"column":34},"end":{"line":9,"column":59}},"line":9},"1":{"name":"(anonymous_1)","decl":{"start":{"line":10,"column":16},"end":{"line":10,"column":17}},"loc":{"start":{"line":10,"column":34},"end":{"line":10,"column":59}},"line":10},"2":{"name":"VideoPreviewModal","decl":{"start":{"line":12,"column":9},"end":{"line":12,"column":26}},"loc":{"start":{"line":12,"column":83},"end":{"line":27,"column":1}},"line":12},"3":{"name":"(anonymous_3)","decl":{"start":{"line":13,"column":37},"end":{"line":13,"column":38}},"loc":{"start":{"line":13,"column":44},"end":{"line":16,"column":3}},"line":13},"4":{"name":"ImagePreviewModal","decl":{"start":{"line":29,"column":9},"end":{"line":29,"column":26}},"loc":{"start":{"line":29,"column":83},"end":{"line":40,"column":1}},"line":29},"5":{"name":"MediaThumbnail","decl":{"start":{"line":59,"column":16},"end":{"line":59,"column":30}},"loc":{"start":{"line":59,"column":62},"end":{"line":96,"column":1}},"line":59},"6":{"name":"(anonymous_6)","decl":{"start":{"line":63,"column":12},"end":{"line":63,"column":13}},"loc":{"start":{"line":63,"column":18},"end":{"line":68,"column":3}},"line":63},"7":{"name":"(anonymous_7)","decl":{"start":{"line":66,"column":12},"end":{"line":66,"column":13}},"loc":{"start":{"line":66,"column":25},"end":{"line":66,"column":45}},"line":66},"8":{"name":"(anonymous_8)","decl":{"start":{"line":67,"column":13},"end":{"line":67,"column":14}},"loc":{"start":{"line":67,"column":19},"end":{"line":67,"column":21}},"line":67},"9":{"name":"(anonymous_9)","decl":{"start":{"line":73,"column":35},"end":{"line":73,"column":36}},"loc":{"start":{"line":73,"column":41},"end":{"line":73,"column":61}},"line":73},"10":{"name":"(anonymous_10)","decl":{"start":{"line":76,"column":67},"end":{"line":76,"column":68}},"loc":{"start":{"line":76,"column":73},"end":{"line":76,"column":94}},"line":76},"11":{"name":"(anonymous_11)","decl":{"start":{"line":83,"column":54},"end":{"line":83,"column":55}},"loc":{"start":{"line":83,"column":60},"end":{"line":83,"column":80}},"line":83},"12":{"name":"(anonymous_12)","decl":{"start":{"line":93,"column":65},"end":{"line":93,"column":66}},"loc":{"start":{"line":93,"column":71},"end":{"line":93,"column":92}},"line":93}},"branchMap":{"0":{"loc":{"start":{"line":64,"column":4},"end":{"line":64,"column":35}},"type":"if","locations":[{"start":{"line":64,"column":4},"end":{"line":64,"column":35}},{"start":{},"end":{}}],"line":64},"1":{"loc":{"start":{"line":70,"column":2},"end":{"line":79,"column":3}},"type":"if","locations":[{"start":{"line":70,"column":2},"end":{"line":79,"column":3}},{"start":{},"end":{}}],"line":70},"2":{"loc":{"start":{"line":76,"column":9},"end":{"line":76,"column":98}},"type":"binary-expr","locations":[{"start":{"line":76,"column":9},"end":{"line":76,"column":20}},{"start":{"line":76,"column":24},"end":{"line":76,"column":98}}],"line":76},"3":{"loc":{"start":{"line":84,"column":9},"end":{"line":88,"column":9}},"type":"cond-expr","locations":[{"start":{"line":85,"column":10},"end":{"line":85,"column":82}},{"start":{"line":87,"column":10},"end":{"line":87,"column":71}}],"line":84},"4":{"loc":{"start":{"line":93,"column":7},"end":{"line":93,"column":96}},"type":"binary-expr","locations":[{"start":{"line":93,"column":7},"end":{"line":93,"column":18}},{"start":{"line":93,"column":22},"end":{"line":93,"column":96}}],"line":93}},"s":{"0":1,"1":9,"2":1,"3":19,"4":4,"5":4,"6":4,"7":4,"8":2,"9":1,"10":19,"11":19,"12":19,"13":9,"14":4,"15":5,"16":4,"17":19,"18":7,"19":2,"20":1,"21":12,"22":2,"23":1,"24":1},"f":{"0":9,"1":19,"2":4,"3":4,"4":2,"5":19,"6":9,"7":4,"8":1,"9":2,"10":1,"11":2,"12":1},"b":{"0":[4,5],"1":[7,12],"2":[7,2],"3":[5,7],"4":[12,4]},"_coverageSchema":"1a1c01bbd47fc00a2c39e90264f33305004495a9","hash":"5f7e4e3f5b7d5a8c739883fccad6b99dd558f122"}
,"/Users/mjonat/Dev/ideawise-file-upload/mobile/src/components/ProgressBar.tsx": {"path":"/Users/mjonat/Dev/ideawise-file-upload/mobile/src/components/ProgressBar.tsx","statementMap":{"0":{"start":{"line":9,"column":18},"end":{"line":9,"column":54}},"1":{"start":{"line":11,"column":2},"end":{"line":15,"column":3}},"2":{"start":{"line":18,"column":15},"end":{"line":29,"column":2}}},"fnMap":{"0":{"name":"ProgressBar","decl":{"start":{"line":8,"column":16},"end":{"line":8,"column":27}},"loc":{"start":{"line":8,"column":68},"end":{"line":16,"column":1}},"line":8}},"branchMap":{"0":{"loc":{"start":{"line":8,"column":40},"end":{"line":8,"column":57}},"type":"default-arg","locations":[{"start":{"line":8,"column":48},"end":{"line":8,"column":57}}],"line":8}},"s":{"0":8,"1":8,"2":2},"f":{"0":8},"b":{"0":[5]},"_coverageSchema":"1a1c01bbd47fc00a2c39e90264f33305004495a9","hash":"4bd505a8612919654d3af9904d9697b12f6da817"}
,"/Users/mjonat/Dev/ideawise-file-upload/mobile/src/components/StatusBadge.tsx": {"path":"/Users/mjonat/Dev/ideawise-file-upload/mobile/src/components/StatusBadge.tsx","statementMap":{"0":{"start":{"line":4,"column":82},"end":{"line":12,"column":1}},"1":{"start":{"line":19,"column":30},"end":{"line":19,"column":44}},"2":{"start":{"line":20,"column":2},"end":{"line":24,"column":3}},"3":{"start":{"line":27,"column":15},"end":{"line":38,"column":2}}},"fnMap":{"0":{"name":"StatusBadge","decl":{"start":{"line":18,"column":16},"end":{"line":18,"column":27}},"loc":{"start":{"line":18,"column":47},"end":{"line":25,"column":1}},"line":18}},"branchMap":{},"s":{"0":2,"1":24,"2":24,"3":2},"f":{"0":24},"b":{},"_coverageSchema":"1a1c01bbd47fc00a2c39e90264f33305004495a9","hash":"0649133f07e8cec8dc3d62e869d798e05981d1ce"}
,"/Users/mjonat/Dev/ideawise-file-upload/mobile/src/components/UploadCard.tsx": {"path":"/Users/mjonat/Dev/ideawise-file-upload/mobile/src/components/UploadCard.tsx","statementMap":{"0":{"start":{"line":19,"column":2},"end":{"line":24,"column":3}},"1":{"start":{"line":27,"column":16},"end":{"line":31,"column":2}},"2":{"start":{"line":34,"column":23},"end":{"line":34,"column":78}},"3":{"start":{"line":36,"column":2},"end":{"line":84,"column":3}},"4":{"start":{"line":87,"column":15},"end":{"line":136,"column":2}}},"fnMap":{"0":{"name":"MetaRow","decl":{"start":{"line":18,"column":9},"end":{"line":18,"column":16}},"loc":{"start":{"line":18,"column":69},"end":{"line":25,"column":1}},"line":18},"1":{"name":"UploadCard","decl":{"start":{"line":33,"column":16},"end":{"line":33,"column":26}},"loc":{"start":{"line":33,"column":82},"end":{"line":85,"column":1}},"line":33}},"branchMap":{"0":{"loc":{"start":{"line":34,"column":23},"end":{"line":34,"column":78}},"type":"binary-expr","locations":[{"start":{"line":34,"column":23},"end":{"line":34,"column":50}},{"start":{"line":34,"column":54},"end":{"line":34,"column":78}}],"line":34},"1":{"loc":{"start":{"line":47,"column":41},"end":{"line":47,"column":119}},"type":"binary-expr","locations":[{"start":{"line":47,"column":41},"end":{"line":47,"column":87}},{"start":{"line":47,"column":91},"end":{"line":47,"column":119}}],"line":47},"2":{"loc":{"start":{"line":49,"column":13},"end":{"line":51,"column":13}},"type":"binary-expr","locations":[{"start":{"line":49,"column":13},"end":{"line":49,"column":36}},{"start":{"line":49,"column":40},"end":{"line":49,"column":64}},{"start":{"line":50,"column":14},"end":{"line":50,"column":95}}],"line":49},"3":{"loc":{"start":{"line":52,"column":13},"end":{"line":54,"column":13}},"type":"binary-expr","locations":[{"start":{"line":52,"column":13},"end":{"line":52,"column":39}},{"start":{"line":53,"column":14},"end":{"line":53,"column":92}}],"line":52},"4":{"loc":{"start":{"line":60,"column":7},"end":{"line":70,"column":7}},"type":"binary-expr","locations":[{"start":{"line":60,"column":7},"end":{"line":60,"column":19}},{"start":{"line":61,"column":8},"end":{"line":69,"column":15}}],"line":60},"5":{"loc":{"start":{"line":64,"column":19},"end":{"line":64,"column":67}},"type":"cond-expr","locations":[{"start":{"line":64,"column":46},"end":{"line":64,"column":55}},{"start":{"line":64,"column":58},"end":{"line":64,"column":67}}],"line":64},"6":{"loc":{"start":{"line":72,"column":7},"end":{"line":74,"column":7}},"type":"binary-expr","locations":[{"start":{"line":72,"column":7},"end":{"line":72,"column":25}},{"start":{"line":73,"column":8},"end":{"line":73,"column":72}}],"line":72}},"s":{"0":53,"1":1,"2":17,"3":17,"4":1},"f":{"0":53,"1":17},"b":{"0":[17,16],"1":[17,1],"2":[17,1,1],"3":[17,1],"4":[17,2],"5":[1,1],"6":[17,1]},"_coverageSchema":"1a1c01bbd47fc00a2c39e90264f33305004495a9","hash":"20ede28757bc57201d0268ca3d629d6e11c82fe4"}
,"/Users/mjonat/Dev/ideawise-file-upload/mobile/src/utils/formatBytes.ts": {"path":"/Users/mjonat/Dev/ideawise-file-upload/mobile/src/utils/formatBytes.ts","statementMap":{"0":{"start":{"line":2,"column":2},"end":{"line":2,"column":31}},"1":{"start":{"line":2,"column":19},"end":{"line":2,"column":31}},"2":{"start":{"line":3,"column":16},"end":{"line":3,"column":39}},"3":{"start":{"line":4,"column":20},"end":{"line":4,"column":92}},"4":{"start":{"line":5,"column":16},"end":{"line":5,"column":41}},"5":{"start":{"line":6,"column":2},"end":{"line":6,"column":87}}},"fnMap":{"0":{"name":"formatBytes","decl":{"start":{"line":1,"column":16},"end":{"line":1,"column":27}},"loc":{"start":{"line":1,"column":51},"end":{"line":7,"column":1}},"line":1}},"branchMap":{"0":{"loc":{"start":{"line":2,"column":2},"end":{"line":2,"column":31}},"type":"if","locations":[{"start":{"line":2,"column":2},"end":{"line":2,"column":31}},{"start":{},"end":{}}],"line":2},"1":{"loc":{"start":{"line":6,"column":26},"end":{"line":6,"column":64}},"type":"cond-expr","locations":[{"start":{"line":6,"column":59},"end":{"line":6,"column":60}},{"start":{"line":6,"column":63},"end":{"line":6,"column":64}}],"line":6},"2":{"loc":{"start":{"line":6,"column":26},"end":{"line":6,"column":56}},"type":"binary-expr","locations":[{"start":{"line":6,"column":26},"end":{"line":6,"column":37}},{"start":{"line":6,"column":41},"end":{"line":6,"column":56}}],"line":6}},"s":{"0":33,"1":1,"2":32,"3":32,"4":32,"5":32},"f":{"0":33},"b":{"0":[1,32],"1":[3,29],"2":[32,29]},"_coverageSchema":"1a1c01bbd47fc00a2c39e90264f33305004495a9","hash":"47fd82939296449aedbf4199f13d36df39c5d451"}
,"/Users/mjonat/Dev/ideawise-file-upload/mobile/src/utils/formatDuration.ts": {"path":"/Users/mjonat/Dev/ideawise-file-upload/mobile/src/utils/formatDuration.ts","statementMap":{"0":{"start":{"line":2,"column":12},"end":{"line":2,"column":36}},"1":{"start":{"line":3,"column":12},"end":{"line":3,"column":36}},"2":{"start":{"line":4,"column":2},"end":{"line":4,"column":48}}},"fnMap":{"0":{"name":"formatDuration","decl":{"start":{"line":1,"column":16},"end":{"line":1,"column":30}},"loc":{"start":{"line":1,"column":56},"end":{"line":5,"column":1}},"line":1}},"branchMap":{},"s":{"0":7,"1":7,"2":7},"f":{"0":7},"b":{},"_coverageSchema":"1a1c01bbd47fc00a2c39e90264f33305004495a9","hash":"26ebd2422c5f195d5f05fcaf113aa5a1af5ed3d9"}
,"/Users/mjonat/Dev/ideawise-file-upload/mobile/src/utils/formatTimeAgo.ts": {"path":"/Users/mjonat/Dev/ideawise-file-upload/mobile/src/utils/formatTimeAgo.ts","statementMap":{"0":{"start":{"line":2,"column":15},"end":{"line":2,"column":37}},"1":{"start":{"line":3,"column":2},"end":{"line":3,"column":38}},"2":{"start":{"line":3,"column":21},"end":{"line":3,"column":38}},"3":{"start":{"line":4,"column":2},"end":{"line":4,"column":66}},"4":{"start":{"line":4,"column":24},"end":{"line":4,"column":66}},"5":{"start":{"line":5,"column":2},"end":{"line":5,"column":70}},"6":{"start":{"line":5,"column":25},"end":{"line":5,"column":70}},"7":{"start":{"line":6,"column":2},"end":{"line":6,"column":48}}},"fnMap":{"0":{"name":"formatTimeAgo","decl":{"start":{"line":1,"column":16},"end":{"line":1,"column":29}},"loc":{"start":{"line":1,"column":57},"end":{"line":7,"column":1}},"line":1}},"branchMap":{"0":{"loc":{"start":{"line":3,"column":2},"end":{"line":3,"column":38}},"type":"if","locations":[{"start":{"line":3,"column":2},"end":{"line":3,"column":38}},{"start":{},"end":{}}],"line":3},"1":{"loc":{"start":{"line":4,"column":2},"end":{"line":4,"column":66}},"type":"if","locations":[{"start":{"line":4,"column":2},"end":{"line":4,"column":66}},{"start":{},"end":{}}],"line":4},"2":{"loc":{"start":{"line":5,"column":2},"end":{"line":5,"column":70}},"type":"if","locations":[{"start":{"line":5,"column":2},"end":{"line":5,"column":70}},{"start":{},"end":{}}],"line":5}},"s":{"0":14,"1":14,"2":11,"3":3,"4":1,"5":2,"6":1,"7":1},"f":{"0":14},"b":{"0":[11,3],"1":[1,2],"2":[1,1]},"_coverageSchema":"1a1c01bbd47fc00a2c39e90264f33305004495a9","hash":"a6a2b33aaae527eb4aa53e10b5c4148c110515b6"}
,"/Users/mjonat/Dev/ideawise-file-upload/mobile/src/utils/uploadHistory.ts": {"path":"/Users/mjonat/Dev/ideawise-file-upload/mobile/src/utils/uploadHistory.ts","statementMap":{"0":{"start":{"line":3,"column":20},"end":{"line":3,"column":36}},"1":{"start":{"line":4,"column":20},"end":{"line":4,"column":23}},"2":{"start":{"line":18,"column":2},"end":{"line":23,"column":3}},"3":{"start":{"line":19,"column":16},"end":{"line":19,"column":55}},"4":{"start":{"line":20,"column":4},"end":{"line":20,"column":57}},"5":{"start":{"line":22,"column":4},"end":{"line":22,"column":13}},"6":{"start":{"line":27,"column":2},"end":{"line":33,"column":3}},"7":{"start":{"line":28,"column":21},"end":{"line":28,"column":40}},"8":{"start":{"line":29,"column":20},"end":{"line":29,"column":95}},"9":{"start":{"line":29,"column":54},"end":{"line":29,"column":71}},"10":{"start":{"line":30,"column":4},"end":{"line":30,"column":68}},"11":{"start":{"line":37,"column":2},"end":{"line":41,"column":3}},"12":{"start":{"line":38,"column":4},"end":{"line":38,"column":46}}},"fnMap":{"0":{"name":"loadHistory","decl":{"start":{"line":17,"column":22},"end":{"line":17,"column":33}},"loc":{"start":{"line":17,"column":61},"end":{"line":24,"column":1}},"line":17},"1":{"name":"saveHistoryEntry","decl":{"start":{"line":26,"column":22},"end":{"line":26,"column":38}},"loc":{"start":{"line":26,"column":75},"end":{"line":34,"column":1}},"line":26},"2":{"name":"(anonymous_2)","decl":{"start":{"line":29,"column":47},"end":{"line":29,"column":48}},"loc":{"start":{"line":29,"column":54},"end":{"line":29,"column":71}},"line":29},"3":{"name":"clearHistory","decl":{"start":{"line":36,"column":22},"end":{"line":36,"column":34}},"loc":{"start":{"line":36,"column":52},"end":{"line":42,"column":1}},"line":36}},"branchMap":{"0":{"loc":{"start":{"line":20,"column":11},"end":{"line":20,"column":57}},"type":"cond-expr","locations":[{"start":{"line":20,"column":18},"end":{"line":20,"column":51}},{"start":{"line":20,"column":55},"end":{"line":20,"column":57}}],"line":20}},"s":{"0":1,"1":1,"2":10,"3":10,"4":9,"5":1,"6":6,"7":6,"8":6,"9":2,"10":6,"11":1,"12":1},"f":{"0":10,"1":6,"2":2,"3":1},"b":{"0":[3,6]},"_coverageSchema":"1a1c01bbd47fc00a2c39e90264f33305004495a9","hash":"cd0c00dd8e5e13a365fe500486edc1e8e76eba03"}
,"/Users/mjonat/Dev/ideawise-file-upload/mobile/src/utils/uploadQueue.ts": {"path":"/Users/mjonat/Dev/ideawise-file-upload/mobile/src/utils/uploadQueue.ts","statementMap":{"0":{"start":{"line":4,"column":18},"end":{"line":4,"column":32}},"1":{"start":{"line":6,"column":19},"end":{"line":6,"column":71}},"2":{"start":{"line":9,"column":2},"end":{"line":16,"column":3}},"3":{"start":{"line":10,"column":4},"end":{"line":13,"column":5}},"4":{"start":{"line":12,"column":41},"end":{"line":12,"column":65}},"5":{"start":{"line":20,"column":2},"end":{"line":30,"column":3}},"6":{"start":{"line":21,"column":16},"end":{"line":21,"column":53}},"7":{"start":{"line":22,"column":4},"end":{"line":22,"column":23}},"8":{"start":{"line":22,"column":14},"end":{"line":22,"column":23}},"9":{"start":{"line":23,"column":18},"end":{"line":23,"column":49}},"10":{"start":{"line":25,"column":4},"end":{"line":27,"column":5}},"11":{"start":{"line":26,"column":6},"end":{"line":26,"column":81}},"12":{"start":{"line":29,"column":4},"end":{"line":29,"column":13}}},"fnMap":{"0":{"name":"persistQueue","decl":{"start":{"line":8,"column":22},"end":{"line":8,"column":34}},"loc":{"start":{"line":8,"column":71},"end":{"line":17,"column":1}},"line":8},"1":{"name":"(anonymous_1)","decl":{"start":{"line":12,"column":34},"end":{"line":12,"column":35}},"loc":{"start":{"line":12,"column":41},"end":{"line":12,"column":65}},"line":12},"2":{"name":"loadQueue","decl":{"start":{"line":19,"column":22},"end":{"line":19,"column":31}},"loc":{"start":{"line":19,"column":57},"end":{"line":31,"column":1}},"line":19},"3":{"name":"(anonymous_3)","decl":{"start":{"line":25,"column":21},"end":{"line":25,"column":22}},"loc":{"start":{"line":26,"column":6},"end":{"line":26,"column":81}},"line":26}},"branchMap":{"0":{"loc":{"start":{"line":22,"column":4},"end":{"line":22,"column":23}},"type":"if","locations":[{"start":{"line":22,"column":4},"end":{"line":22,"column":23}},{"start":{},"end":{}}],"line":22},"1":{"loc":{"start":{"line":26,"column":6},"end":{"line":26,"column":81}},"type":"cond-expr","locations":[{"start":{"line":26,"column":36},"end":{"line":26,"column":74}},{"start":{"line":26,"column":77},"end":{"line":26,"column":81}}],"line":26}},"s":{"0":1,"1":1,"2":4,"3":4,"4":10,"5":4,"6":4,"7":3,"8":1,"9":2,"10":2,"11":3,"12":1},"f":{"0":4,"1":10,"2":4,"3":3},"b":{"0":[1,2],"1":[1,2]},"_coverageSchema":"1a1c01bbd47fc00a2c39e90264f33305004495a9","hash":"fe7d6e681693aaabd5ed1a80b0c1464c455980d7"}
,"/Users/mjonat/Dev/ideawise-file-upload/mobile/src/utils/uploadStatus.ts": {"path":"/Users/mjonat/Dev/ideawise-file-upload/mobile/src/utils/uploadStatus.ts","statementMap":{"0":{"start":{"line":3,"column":25},"end":{"line":3,"column":78}},"1":{"start":{"line":4,"column":27},"end":{"line":4,"column":83}},"2":{"start":{"line":7,"column":35},"end":{"line":7,"column":71}},"3":{"start":{"line":10,"column":2},"end":{"line":10,"column":48}}},"fnMap":{"0":{"name":"isTerminal","decl":{"start":{"line":9,"column":16},"end":{"line":9,"column":26}},"loc":{"start":{"line":9,"column":69},"end":{"line":11,"column":1}},"line":9}},"branchMap":{},"s":{"0":3,"1":3,"2":3,"3":7},"f":{"0":7},"b":{},"_coverageSchema":"1a1c01bbd47fc00a2c39e90264f33305004495a9","hash":"f6891b5049339f0726dd7e3d6eec428f2da85b82"}
}
