TN:
SF:src/components/CardActions.tsx
FN:13,CardActions
FNF:1
FNH:1
FNDA:34,CardActions
DA:14,34
DA:45,2
LF:2
LH:2
BRDA:16,0,0,34
BRDA:16,0,1,23
BRDA:19,1,0,3
BRDA:19,1,1,20
BRDA:19,2,0,3
BRDA:19,2,1,17
BRDA:24,3,0,34
BRDA:24,3,1,3
BRDA:30,4,0,34
BRDA:30,4,1,23
BRDA:36,5,0,34
BRDA:36,5,1,11
BRF:12
BRH:12
end_of_record
TN:
SF:src/components/HistoryModal.tsx
FN:26,HistoryModal
FN:47,(anonymous_1)
FNF:2
FNH:2
FNDA:8,HistoryModal
FNDA:9,(anonymous_1)
DA:20,1
DA:27,8
DA:48,9
DA:71,1
LF:4
LH:4
BRDA:37,0,0,3
BRDA:37,0,1,5
BRDA:54,1,0,9
BRDA:54,1,1,1
BRF:4
BRH:4
end_of_record
TN:
SF:src/components/MediaThumbnail.tsx
FN:9,(anonymous_0)
FN:10,(anonymous_1)
FN:12,VideoPreviewModal
FN:13,(anonymous_3)
FN:29,ImagePreviewModal
FN:59,MediaThumbnail
FN:63,(anonymous_6)
FN:66,(anonymous_7)
FN:67,(anonymous_8)
FN:73,(anonymous_9)
FN:76,(anonymous_10)
FN:83,(anonymous_11)
FN:93,(anonymous_12)
FNF:13
FNH:13
FNDA:9,(anonymous_0)
FNDA:19,(anonymous_1)
FNDA:4,VideoPreviewModal
FNDA:4,(anonymous_3)
FNDA:2,ImagePreviewModal
FNDA:19,MediaThumbnail
FNDA:9,(anonymous_6)
FNDA:4,(anonymous_7)
FNDA:1,(anonymous_8)
FNDA:2,(anonymous_9)
FNDA:1,(anonymous_10)
FNDA:2,(anonymous_11)
FNDA:1,(anonymous_12)
DA:9,9
DA:10,19
DA:13,4
DA:14,4
DA:15,4
DA:17,4
DA:30,2
DA:42,1
DA:60,19
DA:61,19
DA:63,19
DA:64,9
DA:65,5
DA:66,4
DA:70,19
DA:71,7
DA:73,2
DA:76,1
DA:81,12
DA:83,2
DA:93,1
DA:98,1
LF:22
LH:22
BRDA:64,0,0,4
BRDA:64,0,1,5
BRDA:70,1,0,7
BRDA:70,1,1,12
BRDA:76,2,0,7
BRDA:76,2,1,2
BRDA:84,3,0,5
BRDA:84,3,1,7
BRDA:93,4,0,12
BRDA:93,4,1,4
BRF:10
BRH:10
end_of_record
TN:
SF:src/components/ProgressBar.tsx
FN:8,ProgressBar
FNF:1
FNH:1
FNDA:8,ProgressBar
DA:9,8
DA:11,8
DA:18,2
LF:3
LH:3
BRDA:8,0,0,5
BRF:1
BRH:1
end_of_record
TN:
SF:src/components/StatusBadge.tsx
FN:18,StatusBadge
FNF:1
FNH:1
FNDA:24,StatusBadge
DA:4,2
DA:19,24
DA:20,24
DA:27,2
LF:4
LH:4
BRF:0
BRH:0
end_of_record
TN:
SF:src/components/UploadCard.tsx
FN:18,MetaRow
FN:33,UploadCard
FNF:2
FNH:2
FNDA:53,MetaRow
FNDA:17,UploadCard
DA:19,53
DA:27,1
DA:34,17
DA:36,17
DA:87,1
LF:5
LH:5
BRDA:34,0,0,17
BRDA:34,0,1,16
BRDA:47,1,0,17
BRDA:47,1,1,1
BRDA:49,2,0,17
BRDA:49,2,1,1
BRDA:49,2,2,1
BRDA:52,3,0,17
BRDA:52,3,1,1
BRDA:60,4,0,17
BRDA:60,4,1,2
BRDA:64,5,0,1
BRDA:64,5,1,1
BRDA:72,6,0,17
BRDA:72,6,1,1
BRF:15
BRH:15
end_of_record
TN:
SF:src/utils/formatBytes.ts
FN:1,formatBytes
FNF:1
FNH:1
FNDA:33,formatBytes
DA:2,33
DA:3,32
DA:4,32
DA:5,32
DA:6,32
LF:5
LH:5
BRDA:2,0,0,1
BRDA:2,0,1,32
BRDA:6,1,0,3
BRDA:6,1,1,29
BRDA:6,2,0,32
BRDA:6,2,1,29
BRF:6
BRH:6
end_of_record
TN:
SF:src/utils/formatDuration.ts
FN:1,formatDuration
FNF:1
FNH:1
FNDA:7,formatDuration
DA:2,7
DA:3,7
DA:4,7
LF:3
LH:3
BRF:0
BRH:0
end_of_record
TN:
SF:src/utils/formatTimeAgo.ts
FN:1,formatTimeAgo
FNF:1
FNH:1
FNDA:14,formatTimeAgo
DA:2,14
DA:3,14
DA:4,3
DA:5,2
DA:6,1
LF:5
LH:5
BRDA:3,0,0,11
BRDA:3,0,1,3
BRDA:4,1,0,1
BRDA:4,1,1,2
BRDA:5,2,0,1
BRDA:5,2,1,1
BRF:6
BRH:6
end_of_record
TN:
SF:src/utils/uploadHistory.ts
FN:17,loadHistory
FN:26,saveHistoryEntry
FN:29,(anonymous_2)
FN:36,clearHistory
FNF:4
FNH:4
FNDA:10,loadHistory
FNDA:6,saveHistoryEntry
FNDA:2,(anonymous_2)
FNDA:1,clearHistory
DA:3,1
DA:4,1
DA:18,10
DA:19,10
DA:20,9
DA:22,1
DA:27,6
DA:28,6
DA:29,6
DA:30,6
DA:37,1
DA:38,1
LF:12
LH:12
BRDA:20,0,0,3
BRDA:20,0,1,6
BRF:2
BRH:2
end_of_record
TN:
SF:src/utils/uploadQueue.ts
FN:8,persistQueue
FN:12,(anonymous_1)
FN:19,loadQueue
FN:25,(anonymous_3)
FNF:4
FNH:4
FNDA:4,persistQueue
FNDA:10,(anonymous_1)
FNDA:4,loadQueue
FNDA:3,(anonymous_3)
DA:4,1
DA:6,1
DA:9,4
DA:10,4
DA:12,10
DA:20,4
DA:21,4
DA:22,3
DA:23,2
DA:25,2
DA:26,3
DA:29,1
LF:12
LH:12
BRDA:22,0,0,1
BRDA:22,0,1,2
BRDA:26,1,0,1
BRDA:26,1,1,2
BRF:4
BRH:4
end_of_record
TN:
SF:src/utils/uploadStatus.ts
FN:9,isTerminal
FNF:1
FNH:1
FNDA:7,isTerminal
DA:3,3
DA:4,3
DA:7,3
DA:10,7
LF:4
LH:4
BRF:0
BRH:0
end_of_record
